<?xml version="1.0" encoding="UTF-8"?><testrun name="Runner" project="CucumberCurso" tests="12" started="12" failures="0" errors="2" ignored="0">
  <testsuite name="Runner" time="0.035">
    <testsuite name="Funcionalidade: Aprender Cucumber" time="0.035">
      <testsuite name="Cenário: Deve executar especificação" time="0.001">
        <testcase name="Dado que criei o arquivo corretamento" classname="Cenário: Deve executar especificação" time="0.0"/>
        <testcase name="Quando executá-lo" classname="Cenário: Deve executar especificação" time="0.001"/>
        <testcase name="Então a especificação deve finalizar com sucesso" classname="Cenário: Deve executar especificação" time="0.0"/>
      </testsuite>
      <testsuite name="Cenário: Deve incrementar contador" time="0.0">
        <testcase name="Dado que o valor do contador é 15" classname="Cenário: Deve incrementar contador" time="0.0"/>
        <testcase name="Quando eu incrementar em 3" classname="Cenário: Deve incrementar contador" time="0.0"/>
        <testcase name="Então o valor do contador será 18" classname="Cenário: Deve incrementar contador" time="0.0"/>
      </testsuite>
      <testsuite name="Cenário: Deve incrementar contador" time="0.001">
        <testcase name="Dado que o valor do contador é 123" classname="Cenário: Deve incrementar contador" time="0.0"/>
        <testcase name="Quando eu incrementar em 35" classname="Cenário: Deve incrementar contador" time="0.0"/>
        <testcase name="Então o valor do contador será 158" classname="Cenário: Deve incrementar contador" time="0.0"/>
      </testsuite>
      <testsuite name="Cenário: Deve calcular atraso na entrega" time="0.0" incomplete="true">
        <error>cucumber.runtime.CucumberException: Arity mismatch: Step Definition 'AprenderCucumber.aEntregaSerraEfetuadaEm(int,int,int) in file:/C:/Users/juliana.rossi/workspace/CucumberCurso/target/test-classes/' with pattern [^a entrega serra efetuada em (\d{2}\/\d{2}\/\d{4})$] is declared with 3 parameters. However, the gherkin step has 1 arguments [07/04/2018]. 
Step: Então a entrega serra efetuada em 07/04/2018&#13;
	at cucumber.runtime.StepDefinitionMatch.arityMismatch(StepDefinitionMatch.java:102)&#13;
	at cucumber.runtime.StepDefinitionMatch.transformedArgs(StepDefinitionMatch.java:60)&#13;
	at cucumber.runtime.StepDefinitionMatch.runStep(StepDefinitionMatch.java:37)&#13;
	at cucumber.runtime.Runtime.runStep(Runtime.java:300)&#13;
	at cucumber.runtime.model.StepContainer.runStep(StepContainer.java:44)&#13;
	at cucumber.runtime.model.StepContainer.runSteps(StepContainer.java:39)&#13;
	at cucumber.runtime.model.CucumberScenario.run(CucumberScenario.java:44)&#13;
	at cucumber.runtime.junit.ExecutionUnitRunner.run(ExecutionUnitRunner.java:102)&#13;
	at cucumber.runtime.junit.FeatureRunner.runChild(FeatureRunner.java:63)&#13;
	at cucumber.runtime.junit.FeatureRunner.runChild(FeatureRunner.java:18)&#13;
	at org.junit.runners.ParentRunner$3.run(ParentRunner.java:290)&#13;
	at org.junit.runners.ParentRunner$1.schedule(ParentRunner.java:71)&#13;
	at org.junit.runners.ParentRunner.runChildren(ParentRunner.java:288)&#13;
	at org.junit.runners.ParentRunner.access$000(ParentRunner.java:58)&#13;
	at org.junit.runners.ParentRunner$2.evaluate(ParentRunner.java:268)&#13;
	at org.junit.runners.ParentRunner.run(ParentRunner.java:363)&#13;
	at cucumber.runtime.junit.FeatureRunner.run(FeatureRunner.java:70)&#13;
	at cucumber.api.junit.Cucumber.runChild(Cucumber.java:95)&#13;
	at cucumber.api.junit.Cucumber.runChild(Cucumber.java:38)&#13;
	at org.junit.runners.ParentRunner$3.run(ParentRunner.java:290)&#13;
	at org.junit.runners.ParentRunner$1.schedule(ParentRunner.java:71)&#13;
	at org.junit.runners.ParentRunner.runChildren(ParentRunner.java:288)&#13;
	at org.junit.runners.ParentRunner.access$000(ParentRunner.java:58)&#13;
	at org.junit.runners.ParentRunner$2.evaluate(ParentRunner.java:268)&#13;
	at org.junit.runners.ParentRunner.run(ParentRunner.java:363)&#13;
	at cucumber.api.junit.Cucumber.run(Cucumber.java:100)&#13;
	at org.eclipse.jdt.internal.junit4.runner.JUnit4TestReference.run(JUnit4TestReference.java:86)&#13;
	at org.eclipse.jdt.internal.junit.runner.TestExecution.run(TestExecution.java:38)&#13;
	at org.eclipse.jdt.internal.junit.runner.RemoteTestRunner.runTests(RemoteTestRunner.java:459)&#13;
	at org.eclipse.jdt.internal.junit.runner.RemoteTestRunner.runTests(RemoteTestRunner.java:675)&#13;
	at org.eclipse.jdt.internal.junit.runner.RemoteTestRunner.run(RemoteTestRunner.java:382)&#13;
	at org.eclipse.jdt.internal.junit.runner.RemoteTestRunner.main(RemoteTestRunner.java:192)&#13;
&#13;
</error>
        <testcase name="Dado que a entrega é dia 05/04/2018" classname="Cenário: Deve calcular atraso na entrega" time="0.0"/>
        <testcase name="Quando a entega atrasar em 2 dias" classname="Cenário: Deve calcular atraso na entrega" time="0.0"/>
        <testcase name="Então a entrega serra efetuada em 07/04/2018" classname="Cenário: Deve calcular atraso na entrega" time="0.0">
          <error>cucumber.runtime.CucumberException: Arity mismatch: Step Definition 'AprenderCucumber.aEntregaSerraEfetuadaEm(int,int,int) in file:/C:/Users/juliana.rossi/workspace/CucumberCurso/target/test-classes/' with pattern [^a entrega serra efetuada em (\d{2}\/\d{2}\/\d{4})$] is declared with 3 parameters. However, the gherkin step has 1 arguments [07/04/2018]. 
Step: Então a entrega serra efetuada em 07/04/2018&#13;
	at cucumber.runtime.StepDefinitionMatch.arityMismatch(StepDefinitionMatch.java:102)&#13;
	at cucumber.runtime.StepDefinitionMatch.transformedArgs(StepDefinitionMatch.java:60)&#13;
	at cucumber.runtime.StepDefinitionMatch.runStep(StepDefinitionMatch.java:37)&#13;
	at cucumber.runtime.Runtime.runStep(Runtime.java:300)&#13;
	at cucumber.runtime.model.StepContainer.runStep(StepContainer.java:44)&#13;
	at cucumber.runtime.model.StepContainer.runSteps(StepContainer.java:39)&#13;
	at cucumber.runtime.model.CucumberScenario.run(CucumberScenario.java:44)&#13;
	at cucumber.runtime.junit.ExecutionUnitRunner.run(ExecutionUnitRunner.java:102)&#13;
	at cucumber.runtime.junit.FeatureRunner.runChild(FeatureRunner.java:63)&#13;
	at cucumber.runtime.junit.FeatureRunner.runChild(FeatureRunner.java:18)&#13;
	at org.junit.runners.ParentRunner$3.run(ParentRunner.java:290)&#13;
	at org.junit.runners.ParentRunner$1.schedule(ParentRunner.java:71)&#13;
	at org.junit.runners.ParentRunner.runChildren(ParentRunner.java:288)&#13;
	at org.junit.runners.ParentRunner.access$000(ParentRunner.java:58)&#13;
	at org.junit.runners.ParentRunner$2.evaluate(ParentRunner.java:268)&#13;
	at org.junit.runners.ParentRunner.run(ParentRunner.java:363)&#13;
	at cucumber.runtime.junit.FeatureRunner.run(FeatureRunner.java:70)&#13;
	at cucumber.api.junit.Cucumber.runChild(Cucumber.java:95)&#13;
	at cucumber.api.junit.Cucumber.runChild(Cucumber.java:38)&#13;
	at org.junit.runners.ParentRunner$3.run(ParentRunner.java:290)&#13;
	at org.junit.runners.ParentRunner$1.schedule(ParentRunner.java:71)&#13;
	at org.junit.runners.ParentRunner.runChildren(ParentRunner.java:288)&#13;
	at org.junit.runners.ParentRunner.access$000(ParentRunner.java:58)&#13;
	at org.junit.runners.ParentRunner$2.evaluate(ParentRunner.java:268)&#13;
	at org.junit.runners.ParentRunner.run(ParentRunner.java:363)&#13;
	at cucumber.api.junit.Cucumber.run(Cucumber.java:100)&#13;
	at org.eclipse.jdt.internal.junit4.runner.JUnit4TestReference.run(JUnit4TestReference.java:86)&#13;
	at org.eclipse.jdt.internal.junit.runner.TestExecution.run(TestExecution.java:38)&#13;
	at org.eclipse.jdt.internal.junit.runner.RemoteTestRunner.runTests(RemoteTestRunner.java:459)&#13;
	at org.eclipse.jdt.internal.junit.runner.RemoteTestRunner.runTests(RemoteTestRunner.java:675)&#13;
	at org.eclipse.jdt.internal.junit.runner.RemoteTestRunner.run(RemoteTestRunner.java:382)&#13;
	at org.eclipse.jdt.internal.junit.runner.RemoteTestRunner.main(RemoteTestRunner.java:192)&#13;
&#13;
</error>
        </testcase>
      </testsuite>
    </testsuite>
  </testsuite>
</testrun>
